c:\users\glory\source\repos\inflearn_algorithm_c++\x64\debug\vc143.pdb
c:\users\glory\source\repos\inflearn_algorithm_c++\x64\debug\vc143.idb
c:\users\glory\source\repos\inflearn_algorithm_c++\x64\debug\no_1.obj
c:\users\glory\source\repos\inflearn_algorithm_c++\x64\debug\no_2.obj
c:\users\glory\source\repos\inflearn_algorithm_c++\x64\debug\no_3.obj
c:\users\glory\source\repos\inflearn_algorithm_c++\x64\debug\no_6.obj
c:\users\glory\source\repos\inflearn_algorithm_c++\x64\debug\no_4.obj
c:\users\glory\source\repos\inflearn_algorithm_c++\x64\debug\no_7.obj
c:\users\glory\source\repos\inflearn_algorithm_c++\x64\debug\no_7_ohter solution.obj
c:\users\glory\source\repos\inflearn_algorithm_c++\x64\debug\no.8.obj
c:\users\glory\source\repos\inflearn_algorithm_c++\x64\debug\no_8.obj
c:\users\glory\source\repos\inflearn_algorithm_c++\x64\debug\no_9.obj
c:\users\glory\source\repos\inflearn_algorithm_c++\x64\debug\no_10.obj
c:\users\glory\source\repos\inflearn_algorithm_c++\x64\debug\no_11.obj
c:\users\glory\source\repos\inflearn_algorithm_c++\x64\debug\inflearn_algorithm_c++.exe
c:\users\glory\source\repos\inflearn_algorithm_c++\x64\debug\inflearn_algorithm_c++.ilk
c:\users\glory\source\repos\inflearn_algorithm_c++\x64\debug\inflearn_algorithm_c++.pdb
c:\users\glory\source\repos\inflearn_algorithm_c++\x64\debug\inflearn.5ffc5ff5.tlog\cl.command.1.tlog
c:\users\glory\source\repos\inflearn_algorithm_c++\x64\debug\inflearn.5ffc5ff5.tlog\cl.read.1.tlog
c:\users\glory\source\repos\inflearn_algorithm_c++\x64\debug\inflearn.5ffc5ff5.tlog\cl.write.1.tlog
c:\users\glory\source\repos\inflearn_algorithm_c++\x64\debug\inflearn.5ffc5ff5.tlog\link.command.1.tlog
c:\users\glory\source\repos\inflearn_algorithm_c++\x64\debug\inflearn.5ffc5ff5.tlog\link.read.1.tlog
c:\users\glory\source\repos\inflearn_algorithm_c++\x64\debug\inflearn.5ffc5ff5.tlog\link.write.1.tlog
